2022-09-12 15:01:24 [@79444b1f7564]
Interno #1: Executar createinquest
2022-09-12 15:27:52 [@79444b1f7564]
Interno #1: Executar watcher
2022-09-12 15:43:58 [@79444b1f7564]
Interno #1: Executar slaticket
2022-09-12 15:44:21 [@79444b1f7564]
Interno #1: Executar contract
2022-09-12 17:21:28 [@79444b1f7564]
Interno #1: Executar infocom
2022-09-12 17:31:54 [2@79444b1f7564]
Interno #1: Executar mailgate
2022-09-12 17:41:35 [@79444b1f7564]
Interno #1: Executar session
2022-09-12 17:41:46 [@79444b1f7564]
Interno #1: Executar graph
2022-09-12 17:43:27 [@79444b1f7564]
Interno #1: Executar reservation
2022-09-12 17:44:40 [@79444b1f7564]
Interno #1: Executar closeticket
2022-09-12 17:45:59 [@79444b1f7564]
Interno #1: Executar alertnotclosed
2022-09-12 18:13:45 [@79444b1f7564]
Interno #1: Executar RecurrentItems
2022-09-12 18:14:54 [@79444b1f7564]
Interno #1: Executar planningrecall
2022-09-12 18:29:25 [@79444b1f7564]
Interno #1: Executar queuednotification
2022-09-12 18:38:26 [@79444b1f7564]
Interno #1: Executar queuednotificationclean
2022-09-12 18:38:45 [@79444b1f7564]
Interno #1: Executar temp
2022-09-12 18:57:20 [2@79444b1f7564]
Interno #1: Executar mailgateerror
2022-09-12 19:01:28 [@79444b1f7564]
Interno #1: Executar certificate
2022-09-12 19:09:38 [@79444b1f7564]
Interno #1: Executar olaticket
2022-09-12 19:16:18 [2@79444b1f7564]
Interno #1: Executar slaticket
2022-09-12 19:22:17 [@79444b1f7564]
Interno #1: Executar mailgate
2022-09-12 19:31:02 [@79444b1f7564]
Interno #1: Executar planningrecall
2022-09-12 19:36:47 [@79444b1f7564]
Interno #1: Executar queuednotification
2022-09-12 19:54:23 [@79444b1f7564]
Interno #1: Executar graph
2022-09-12 19:57:10 [@79444b1f7564]
Interno #1: Executar reservation
2022-09-12 20:02:54 [2@79444b1f7564]
Interno #1: Executar RecurrentItems
2022-09-12 20:06:10 [@79444b1f7564]
Interno #1: Executar olaticket
2022-09-12 20:06:21 [@79444b1f7564]
Interno #1: Executar slaticket
2022-09-12 20:16:24 [@79444b1f7564]
Interno #1: Executar mailgate
2022-09-12 20:29:43 [2@79444b1f7564]
Interno #1: Executar planningrecall
2022-09-12 20:32:07 [@79444b1f7564]
Interno #1: Executar queuednotification
2022-09-13 13:12:02 [2@79444b1f7564]
Interno #1: Executar temp
2022-09-13 13:58:25 [@79444b1f7564]
Interno #1: Executar slaticket
2022-09-13 14:07:54 [@79444b1f7564]
Interno #1: Executar olaticket
2022-09-13 14:35:47 [@79444b1f7564]
Interno #1: Executar mailgate
2022-09-13 14:45:17 [@79444b1f7564]
Interno #1: Executar queuednotification
2022-09-13 14:46:05 [@79444b1f7564]
Interno #1: Executar planningrecall
2022-09-13 15:02:06 [@79444b1f7564]
Interno #1: Executar graph
2022-09-13 15:06:31 [@79444b1f7564]
Interno #1: Executar reservation
